app/build/outputs/logs/manifest-merger-Beta-release-report.txt
-- Merging decision tree log ---
manifest
ADDED from src\main\AndroidManifest.xml:2:1-272:12
	package
		ADDED from src\main\AndroidManifest.xml:3:5-37
		INJECTED from src\main\AndroidManifest.xml
		INJECTED from src\main\AndroidManifest.xml
	android:versionName
		INJECTED from src\main\AndroidManifest.xml
		INJECTED from src\main\AndroidManifest.xml
	xmlns:android
		ADDED from src\main\AndroidManifest.xml:2:11-69
	android:versionCode
		INJECTED from src\main\AndroidManifest.xml
		INJECTED from src\main\AndroidManifest.xml
	android:installLocation
		ADDED from src\main\AndroidManifest.xml:4:5-35
uses-sdk
ADDED from src\main\AndroidManifest.xml:6:5-8:41
MERGED from [com.android.support:multidex:1.0.1] AndroidManifest.xml:18:5-42
MERGED from [com.android.support:appcompat-v7:25.0.1] AndroidManifest.xml:21:5-23:78
MERGED from [com.android.support:support-v4:25.0.1] AndroidManifest.xml:21:5-23:54
MERGED from [com.android.support:support-compat:25.0.1] AndroidManifest.xml:21:5-23:58
MERGED from [com.android.support:support-media-compat:25.0.1] AndroidManifest.xml:21:5-23:63
MERGED from [com.android.support:support-core-utils:25.0.1] AndroidManifest.xml:21:5-23:61
MERGED from [com.android.support:support-core-ui:25.0.1] AndroidManifest.xml:21:5-23:58
MERGED from [com.android.support:support-fragment:25.0.1] AndroidManifest.xml:21:5-23:60
MERGED from [com.android.support:support-vector-drawable:25.0.1] AndroidManifest.xml:21:5-43
MERGED from [com.android.support:animated-vector-drawable:25.0.1] AndroidManifest.xml:20:5-44
MERGED from [com.android.support.constraint:constraint-layout:1.0.0-alpha7] AndroidManifest.xml:5:5-7:41
MERGED from [com.jakewharton:butterknife:8.4.0] AndroidManifest.xml:5:5-43
MERGED from [DataCollection:lemonbubble:unspecified] AndroidManifest.xml:7:5-9:41
	tools:overrideLibrary
		ADDED from [com.android.support:appcompat-v7:25.0.1] AndroidManifest.xml:23:9-75
	android:targetSdkVersion
		ADDED from src\main\AndroidManifest.xml:8:9-38
		INJECTED from src\main\AndroidManifest.xml
		INJECTED from src\main\AndroidManifest.xml
	android:minSdkVersion
		ADDED from src\main\AndroidManifest.xml:7:9-35
		INJECTED from src\main\AndroidManifest.xml
		INJECTED from src\main\AndroidManifest.xml
permission#com.cjy.datacollection.permission.JPUSH_MESSAGE
ADDED from src\main\AndroidManifest.xml:10:5-12:47
	android:protectionLevel
		ADDED from src\main\AndroidManifest.xml:12:9-44
	android:name
		ADDED from src\main\AndroidManifest.xml:11:9-71
uses-permission#com.cjy.datacollection.permission.JPUSH_MESSAGE
ADDED from src\main\AndroidManifest.xml:15:5-87
	android:name
		ADDED from src\main\AndroidManifest.xml:15:22-84
uses-permission#android.permission.RECEIVE_USER_PRESENT
ADDED from src\main\AndroidManifest.xml:16:5-79
	android:name
		ADDED from src\main\AndroidManifest.xml:16:22-76
uses-permission#android.permission.INTERNET
ADDED from src\main\AndroidManifest.xml:17:5-67
	android:name
		ADDED from src\main\AndroidManifest.xml:17:22-64
uses-permission#android.permission.WAKE_LOCK
ADDED from src\main\AndroidManifest.xml:18:5-68
	android:name
		ADDED from src\main\AndroidManifest.xml:18:22-65
uses-permission#android.permission.READ_PHONE_STATE
ADDED from src\main\AndroidManifest.xml:19:5-75
	android:name
		ADDED from src\main\AndroidManifest.xml:19:22-72
uses-permission#android.permission.WRITE_EXTERNAL_STORAGE
ADDED from src\main\AndroidManifest.xml:20:5-81
	android:name
		ADDED from src\main\AndroidManifest.xml:20:22-78
uses-permission#android.permission.READ_EXTERNAL_STORAGE
ADDED from src\main\AndroidManifest.xml:21:5-80
	android:name
		ADDED from src\main\AndroidManifest.xml:21:22-77
uses-permission#android.permission.WRITE_SETTINGS
ADDED from src\main\AndroidManifest.xml:22:5-73
	android:name
		ADDED from src\main\AndroidManifest.xml:22:22-70
uses-permission#android.permission.VIBRATE
ADDED from src\main\AndroidManifest.xml:23:5-66
	android:name
		ADDED from src\main\AndroidManifest.xml:23:22-63
uses-permission#android.permission.MOUNT_UNMOUNT_FILESYSTEMS
ADDED from src\main\AndroidManifest.xml:24:5-84
	android:name
		ADDED from src\main\AndroidManifest.xml:24:22-81
uses-permission#android.permission.ACCESS_NETWORK_STATE
ADDED from src\main\AndroidManifest.xml:25:5-79
	android:name
		ADDED from src\main\AndroidManifest.xml:25:22-76
uses-permission#android.permission.ACCESS_WIFI_STATE
ADDED from src\main\AndroidManifest.xml:26:5-76
	android:name
		ADDED from src\main\AndroidManifest.xml:26:22-73
uses-permission#android.permission.ACCESS_COARSE_LOCATION
ADDED from src\main\AndroidManifest.xml:27:5-97
	android:name
		ADDED from src\main\AndroidManifest.xml:27:22-78
uses-permission#android.permission.ACCESS_FINE_LOCATION
ADDED from src\main\AndroidManifest.xml:28:5-95
	android:name
		ADDED from src\main\AndroidManifest.xml:28:22-76
uses-permission#android.permission.CHANGE_WIFI_STATE
ADDED from src\main\AndroidManifest.xml:31:5-92
	android:name
		ADDED from src\main\AndroidManifest.xml:31:22-73
uses-permission#android.permission.READ_LOGS
ADDED from src\main\AndroidManifest.xml:36:5-84
	android:name
		ADDED from src\main\AndroidManifest.xml:36:22-65
application
ADDED from src\main\AndroidManifest.xml:41:5-270:19
MERGED from [com.android.support:appcompat-v7:25.0.1] AndroidManifest.xml:25:5-20
MERGED from [com.android.support:support-v4:25.0.1] AndroidManifest.xml:25:5-20
MERGED from [com.android.support:support-compat:25.0.1] AndroidManifest.xml:25:5-20
MERGED from [com.android.support:support-media-compat:25.0.1] AndroidManifest.xml:25:5-20
MERGED from [com.android.support:support-core-utils:25.0.1] AndroidManifest.xml:25:5-20
MERGED from [com.android.support:support-core-ui:25.0.1] AndroidManifest.xml:25:5-20
MERGED from [com.android.support:support-fragment:25.0.1] AndroidManifest.xml:25:5-20
MERGED from [com.android.support:support-vector-drawable:25.0.1] AndroidManifest.xml:23:5-20
MERGED from [com.android.support:animated-vector-drawable:25.0.1] AndroidManifest.xml:22:5-20
MERGED from [com.android.support.constraint:constraint-layout:1.0.0-alpha7] AndroidManifest.xml:9:5-20
MERGED from [DataCollection:lemonbubble:unspecified] AndroidManifest.xml:11:5-15:19
	android:label
		ADDED from src\main\AndroidManifest.xml:45:9-41
	android:supportsRtl
		ADDED from src\main\AndroidManifest.xml:46:9-35
	android:allowBackup
		ADDED from src\main\AndroidManifest.xml:43:9-35
	android:icon
		ADDED from src\main\AndroidManifest.xml:44:9-43
	android:theme
		ADDED from src\main\AndroidManifest.xml:47:9-52
	android:name
		ADDED from src\main\AndroidManifest.xml:42:9-42
activity#com.cjy.datacollection.SplashActivity
ADDED from src\main\AndroidManifest.xml:49:9-54:20
	android:name
		ADDED from src\main\AndroidManifest.xml:49:19-49
intent-filter#android.intent.action.MAIN+android.intent.category.LAUNCHER
ADDED from src\main\AndroidManifest.xml:50:13-53:29
action#android.intent.action.MAIN
ADDED from src\main\AndroidManifest.xml:51:17-69
	android:name
		ADDED from src\main\AndroidManifest.xml:51:25-66
category#android.intent.category.LAUNCHER
ADDED from src\main\AndroidManifest.xml:52:17-77
	android:name
		ADDED from src\main\AndroidManifest.xml:52:27-74
activity#com.cjy.datacollection.LoginActivity
ADDED from src\main\AndroidManifest.xml:55:9-59:79
	android:screenOrientation
		ADDED from src\main\AndroidManifest.xml:58:13-49
	android:label
		ADDED from src\main\AndroidManifest.xml:57:13-57
	android:windowSoftInputMode
		ADDED from src\main\AndroidManifest.xml:59:13-67
	android:name
		ADDED from src\main\AndroidManifest.xml:56:13-42
activity#com.cjy.datacollection.MainActivity
ADDED from src\main\AndroidManifest.xml:60:9-64:79
	android:screenOrientation
		ADDED from src\main\AndroidManifest.xml:63:13-49
	android:label
		ADDED from src\main\AndroidManifest.xml:62:13-57
	android:windowSoftInputMode
		ADDED from src\main\AndroidManifest.xml:64:13-67
	android:name
		ADDED from src\main\AndroidManifest.xml:61:13-41
activity#com.cjy.datacollection.SettingActivity
ADDED from src\main\AndroidManifest.xml:65:9-69:79
	android:screenOrientation
		ADDED from src\main\AndroidManifest.xml:68:13-49
	android:label
		ADDED from src\main\AndroidManifest.xml:67:13-57
	android:windowSoftInputMode
		ADDED from src\main\AndroidManifest.xml:69:13-67
	android:name
		ADDED from src\main\AndroidManifest.xml:66:13-44
activity#com.cjy.datacollection.view.DataAcqChooseActivity
ADDED from src\main\AndroidManifest.xml:70:9-74:79
	android:screenOrientation
		ADDED from src\main\AndroidManifest.xml:73:13-49
	android:label
		ADDED from src\main\AndroidManifest.xml:72:13-57
	android:windowSoftInputMode
		ADDED from src\main\AndroidManifest.xml:74:13-67
	android:name
		ADDED from src\main\AndroidManifest.xml:71:13-55
activity#com.cjy.datacollection.view.DataAcqMadeModelActivity
ADDED from src\main\AndroidManifest.xml:75:9-79:79
	android:screenOrientation
		ADDED from src\main\AndroidManifest.xml:78:13-49
	android:label
		ADDED from src\main\AndroidManifest.xml:77:13-57
	android:windowSoftInputMode
		ADDED from src\main\AndroidManifest.xml:79:13-67
	android:name
		ADDED from src\main\AndroidManifest.xml:76:13-58
activity#com.cjy.datacollection.view.DataRecordActivity
ADDED from src\main\AndroidManifest.xml:81:9-85:79
	android:screenOrientation
		ADDED from src\main\AndroidManifest.xml:84:13-49
	android:label
		ADDED from src\main\AndroidManifest.xml:83:13-57
	android:windowSoftInputMode
		ADDED from src\main\AndroidManifest.xml:85:13-67
	android:name
		ADDED from src\main\AndroidManifest.xml:82:13-52
activity#com.cjy.datacollection.view.DataAcqRecordListActivity
ADDED from src\main\AndroidManifest.xml:86:9-90:79
	android:screenOrientation
		ADDED from src\main\AndroidManifest.xml:89:13-49
	android:label
		ADDED from src\main\AndroidManifest.xml:88:13-57
	android:windowSoftInputMode
		ADDED from src\main\AndroidManifest.xml:90:13-67
	android:name
		ADDED from src\main\AndroidManifest.xml:87:13-59
activity#com.cjy.datacollection.view.DataAcqRecordDetailActivity
ADDED from src\main\AndroidManifest.xml:91:9-95:79
	android:screenOrientation
		ADDED from src\main\AndroidManifest.xml:94:13-49
	android:label
		ADDED from src\main\AndroidManifest.xml:93:13-57
	android:windowSoftInputMode
		ADDED from src\main\AndroidManifest.xml:95:13-67
	android:name
		ADDED from src\main\AndroidManifest.xml:92:13-61
activity#com.cjy.datacollection.view.MoreChooseActivity
ADDED from src\main\AndroidManifest.xml:96:9-100:79
	android:screenOrientation
		ADDED from src\main\AndroidManifest.xml:99:13-49
	android:label
		ADDED from src\main\AndroidManifest.xml:98:13-57
	android:windowSoftInputMode
		ADDED from src\main\AndroidManifest.xml:100:13-67
	android:name
		ADDED from src\main\AndroidManifest.xml:97:13-52
activity#com.cjy.datacollection.photopicter.view.ImageZoomActivity
ADDED from src\main\AndroidManifest.xml:101:9-105:79
	android:screenOrientation
		ADDED from src\main\AndroidManifest.xml:104:13-49
	android:label
		ADDED from src\main\AndroidManifest.xml:103:13-57
	android:windowSoftInputMode
		ADDED from src\main\AndroidManifest.xml:105:13-67
	android:name
		ADDED from src\main\AndroidManifest.xml:102:13-63
activity#com.cjy.datacollection.photopicter.LookUpPhoto.ImagePagerActivity
ADDED from src\main\AndroidManifest.xml:106:9-110:79
	android:screenOrientation
		ADDED from src\main\AndroidManifest.xml:109:13-49
	android:label
		ADDED from src\main\AndroidManifest.xml:108:13-57
	android:windowSoftInputMode
		ADDED from src\main\AndroidManifest.xml:110:13-67
	android:name
		ADDED from src\main\AndroidManifest.xml:107:13-71
activity#com.cjy.datacollection.photopicter.view.ImageChooseActivity
ADDED from src\main\AndroidManifest.xml:111:9-115:79
	android:screenOrientation
		ADDED from src\main\AndroidManifest.xml:114:13-49
	android:label
		ADDED from src\main\AndroidManifest.xml:113:13-57
	android:windowSoftInputMode
		ADDED from src\main\AndroidManifest.xml:115:13-67
	android:name
		ADDED from src\main\AndroidManifest.xml:112:13-65
activity#com.cjy.datacollection.photopicter.view.PublishActivity
ADDED from src\main\AndroidManifest.xml:116:9-120:79
	android:screenOrientation
		ADDED from src\main\AndroidManifest.xml:119:13-49
	android:label
		ADDED from src\main\AndroidManifest.xml:118:13-57
	android:windowSoftInputMode
		ADDED from src\main\AndroidManifest.xml:120:13-67
	android:name
		ADDED from src\main\AndroidManifest.xml:117:13-61
activity#com.cjy.datacollection.photopicter.view.ImageZoomActivitys
ADDED from src\main\AndroidManifest.xml:121:9-125:79
	android:screenOrientation
		ADDED from src\main\AndroidManifest.xml:124:13-49
	android:label
		ADDED from src\main\AndroidManifest.xml:123:13-57
	android:windowSoftInputMode
		ADDED from src\main\AndroidManifest.xml:125:13-67
	android:name
		ADDED from src\main\AndroidManifest.xml:122:13-64
activity#com.cjy.datacollection.view.QiYeDataAcqMadeModelActivity
ADDED from src\main\AndroidManifest.xml:126:9-130:79
	android:screenOrientation
		ADDED from src\main\AndroidManifest.xml:129:13-49
	android:label
		ADDED from src\main\AndroidManifest.xml:128:13-57
	android:windowSoftInputMode
		ADDED from src\main\AndroidManifest.xml:130:13-67
	android:name
		ADDED from src\main\AndroidManifest.xml:127:13-62
activity#com.cjy.datacollection.view.QiYeYunWeiDataMadeModelActivity
ADDED from src\main\AndroidManifest.xml:131:9-135:79
	android:screenOrientation
		ADDED from src\main\AndroidManifest.xml:134:13-49
	android:label
		ADDED from src\main\AndroidManifest.xml:133:13-57
	android:windowSoftInputMode
		ADDED from src\main\AndroidManifest.xml:135:13-67
	android:name
		ADDED from src\main\AndroidManifest.xml:132:13-65
activity#com.cjy.datacollection.view.QiYeDataRecordListActivity
ADDED from src\main\AndroidManifest.xml:136:9-140:79
	android:screenOrientation
		ADDED from src\main\AndroidManifest.xml:139:13-49
	android:label
		ADDED from src\main\AndroidManifest.xml:138:13-57
	android:windowSoftInputMode
		ADDED from src\main\AndroidManifest.xml:140:13-67
	android:name
		ADDED from src\main\AndroidManifest.xml:137:13-60
activity#com.cjy.datacollection.view.QiYeYunWeiDetailActivity
ADDED from src\main\AndroidManifest.xml:141:9-145:79
	android:screenOrientation
		ADDED from src\main\AndroidManifest.xml:144:13-49
	android:label
		ADDED from src\main\AndroidManifest.xml:143:13-57
	android:windowSoftInputMode
		ADDED from src\main\AndroidManifest.xml:145:13-67
	android:name
		ADDED from src\main\AndroidManifest.xml:142:13-58
service#com.baidu.location.f
ADDED from src\main\AndroidManifest.xml:147:9-154:19
	android:enabled
		ADDED from src\main\AndroidManifest.xml:149:13-35
	android:process
		ADDED from src\main\AndroidManifest.xml:150:13-38
	android:name
		ADDED from src\main\AndroidManifest.xml:148:13-48
intent-filter#com.baidu.location.service_v2.2
ADDED from src\main\AndroidManifest.xml:151:13-153:29
action#com.baidu.location.service_v2.2
ADDED from src\main\AndroidManifest.xml:152:17-81
	android:name
		ADDED from src\main\AndroidManifest.xml:152:25-71
meta-data#com.baidu.lbsapi.API_KEY
ADDED from src\main\AndroidManifest.xml:155:9-157:64
	android:value
		ADDED from src\main\AndroidManifest.xml:157:13-61
	android:name
		ADDED from src\main\AndroidManifest.xml:156:13-52
receiver#com.cjy.datacollection.revice.BootCompletedReceiver
ADDED from src\main\AndroidManifest.xml:162:9-166:20
	android:name
		ADDED from src\main\AndroidManifest.xml:162:19-85
intent-filter#android.net.conn.CONNECTIVITY_CHANGE
ADDED from src\main\AndroidManifest.xml:163:13-165:29
action#android.net.conn.CONNECTIVITY_CHANGE
ADDED from src\main\AndroidManifest.xml:164:17-79
	android:name
		ADDED from src\main\AndroidManifest.xml:164:25-76
activity#cn.jpush.android.ui.PopWinActivity
ADDED from src\main\AndroidManifest.xml:171:9-174:61
	android:exported
		ADDED from src\main\AndroidManifest.xml:173:13-37
	android:theme
		ADDED from src\main\AndroidManifest.xml:174:13-49
	android:name
		ADDED from src\main\AndroidManifest.xml:172:13-62
activity#cn.jpush.android.ui.PushActivity
ADDED from src\main\AndroidManifest.xml:177:9-188:20
	android:exported
		ADDED from src\main\AndroidManifest.xml:180:13-37
	android:configChanges
		ADDED from src\main\AndroidManifest.xml:179:13-63
	android:theme
		ADDED from src\main\AndroidManifest.xml:181:13-60
	android:name
		ADDED from src\main\AndroidManifest.xml:178:13-60
intent-filter#android.intent.category.DEFAULT+cn.jpush.android.ui.PushActivity+com.cjy.datacollection
ADDED from src\main\AndroidManifest.xml:182:13-187:29
action#cn.jpush.android.ui.PushActivity
ADDED from src\main\AndroidManifest.xml:183:17-75
	android:name
		ADDED from src\main\AndroidManifest.xml:183:25-72
category#android.intent.category.DEFAULT
ADDED from src\main\AndroidManifest.xml:185:17-76
	android:name
		ADDED from src\main\AndroidManifest.xml:185:27-73
category#com.cjy.datacollection
ADDED from src\main\AndroidManifest.xml:186:17-67
	android:name
		ADDED from src\main\AndroidManifest.xml:186:27-64
service#cn.jpush.android.service.DownloadService
ADDED from src\main\AndroidManifest.xml:190:9-193:48
	android:enabled
		ADDED from src\main\AndroidManifest.xml:192:13-35
	android:exported
		ADDED from src\main\AndroidManifest.xml:193:13-37
	android:name
		ADDED from src\main\AndroidManifest.xml:191:13-68
service#cn.jpush.android.service.PushService
ADDED from src\main\AndroidManifest.xml:197:9-206:19
	android:process
		ADDED from src\main\AndroidManifest.xml:199:13-36
	android:name
		ADDED from src\main\AndroidManifest.xml:198:13-64
intent-filter#cn.jpush.android.intent.PUSH_TIME+cn.jpush.android.intent.PushService+cn.jpush.android.intent.REGISTER+cn.jpush.android.intent.REPORT
ADDED from src\main\AndroidManifest.xml:200:13-205:29
action#cn.jpush.android.intent.REGISTER
ADDED from src\main\AndroidManifest.xml:201:17-75
	android:name
		ADDED from src\main\AndroidManifest.xml:201:25-72
action#cn.jpush.android.intent.REPORT
ADDED from src\main\AndroidManifest.xml:202:17-73
	android:name
		ADDED from src\main\AndroidManifest.xml:202:25-70
action#cn.jpush.android.intent.PushService
ADDED from src\main\AndroidManifest.xml:203:17-78
	android:name
		ADDED from src\main\AndroidManifest.xml:203:25-75
action#cn.jpush.android.intent.PUSH_TIME
ADDED from src\main\AndroidManifest.xml:204:17-76
	android:name
		ADDED from src\main\AndroidManifest.xml:204:25-73
service#cn.jpush.android.service.DaemonService
ADDED from src\main\AndroidManifest.xml:210:9-219:19
	android:enabled
		ADDED from src\main\AndroidManifest.xml:212:13-35
	android:exported
		ADDED from src\main\AndroidManifest.xml:213:13-36
	android:name
		ADDED from src\main\AndroidManifest.xml:211:13-66
intent-filter#cn.jpush.android.intent.DaemonService+com.cjy.datacollection
ADDED from src\main\AndroidManifest.xml:214:13-217:29
action#cn.jpush.android.intent.DaemonService
ADDED from src\main\AndroidManifest.xml:215:17-80
	android:name
		ADDED from src\main\AndroidManifest.xml:215:25-77
receiver#cn.jpush.android.service.PushReceiver
ADDED from src\main\AndroidManifest.xml:222:9-240:20
	android:enabled
		ADDED from src\main\AndroidManifest.xml:224:13-35
	android:name
		ADDED from src\main\AndroidManifest.xml:223:13-65
intent-filter#cn.jpush.android.intent.NOTIFICATION_RECEIVED_PROXY+com.cjy.cjyoa
ADDED from src\main\AndroidManifest.xml:225:13-228:29
	android:priority
		ADDED from src\main\AndroidManifest.xml:225:28-51
action#cn.jpush.android.intent.NOTIFICATION_RECEIVED_PROXY
ADDED from src\main\AndroidManifest.xml:226:17-94
	android:name
		ADDED from src\main\AndroidManifest.xml:226:25-91
category#com.cjy.cjyoa
ADDED from src\main\AndroidManifest.xml:227:17-58
	android:name
		ADDED from src\main\AndroidManifest.xml:227:27-55
intent-filter#android.intent.action.USER_PRESENT+android.net.conn.CONNECTIVITY_CHANGE
ADDED from src\main\AndroidManifest.xml:229:13-232:29
action#android.intent.action.USER_PRESENT
ADDED from src\main\AndroidManifest.xml:230:17-77
	android:name
		ADDED from src\main\AndroidManifest.xml:230:25-74
intent-filter#android.intent.action.PACKAGE_ADDED+android.intent.action.PACKAGE_REMOVED
ADDED from src\main\AndroidManifest.xml:234:13-239:29
action#android.intent.action.PACKAGE_ADDED
ADDED from src\main\AndroidManifest.xml:235:17-78
	android:name
		ADDED from src\main\AndroidManifest.xml:235:25-75
action#android.intent.action.PACKAGE_REMOVED
ADDED from src\main\AndroidManifest.xml:236:17-80
	android:name
		ADDED from src\main\AndroidManifest.xml:236:25-77
data
ADDED from src\main\AndroidManifest.xml:238:17-50
	android:scheme
		ADDED from src\main\AndroidManifest.xml:238:23-47
receiver#cn.jpush.android.service.AlarmReceiver
ADDED from src\main\AndroidManifest.xml:243:9-245:40
	android:exported
		ADDED from src\main\AndroidManifest.xml:245:13-37
	android:name
		ADDED from src\main\AndroidManifest.xml:244:13-66
receiver#com.cjy.datacollection.revice.MyReceiver
ADDED from src\main\AndroidManifest.xml:248:9-260:20
	android:enabled
		ADDED from src\main\AndroidManifest.xml:250:13-35
	android:exported
		ADDED from src\main\AndroidManifest.xml:251:13-37
	android:name
		ADDED from src\main\AndroidManifest.xml:249:13-68
intent-filter#cn.jpush.android.intent.CONNECTION+cn.jpush.android.intent.MESSAGE_RECEIVED+cn.jpush.android.intent.NOTIFICATION_OPENED+cn.jpush.android.intent.NOTIFICATION_RECEIVED+cn.jpush.android.intent.REGISTRATION+com.cjy.datacollection
ADDED from src\main\AndroidManifest.xml:252:13-259:29
action#cn.jpush.android.intent.REGISTRATION
ADDED from src\main\AndroidManifest.xml:253:17-79
	android:name
		ADDED from src\main\AndroidManifest.xml:253:25-76
action#cn.jpush.android.intent.MESSAGE_RECEIVED
ADDED from src\main\AndroidManifest.xml:254:17-83
	android:name
		ADDED from src\main\AndroidManifest.xml:254:25-80
action#cn.jpush.android.intent.NOTIFICATION_RECEIVED
ADDED from src\main\AndroidManifest.xml:255:17-88
	android:name
		ADDED from src\main\AndroidManifest.xml:255:25-85
action#cn.jpush.android.intent.NOTIFICATION_OPENED
ADDED from src\main\AndroidManifest.xml:256:17-86
	android:name
		ADDED from src\main\AndroidManifest.xml:256:25-83
action#cn.jpush.android.intent.CONNECTION
ADDED from src\main\AndroidManifest.xml:257:17-77
	android:name
		ADDED from src\main\AndroidManifest.xml:257:25-74
meta-data#JPUSH_CHANNEL
ADDED from src\main\AndroidManifest.xml:263:9-265:49
	android:value
		ADDED from src\main\AndroidManifest.xml:265:13-46
	android:name
		ADDED from src\main\AndroidManifest.xml:264:13-41
meta-data#JPUSH_APPKEY
ADDED from src\main\AndroidManifest.xml:266:9-268:56
	android:value
		ADDED from src\main\AndroidManifest.xml:268:13-53
	android:name
		ADDED from src\main\AndroidManifest.xml:267:13-40